2026-04-01 00:00:02 [http-nio-8080-exec-4] INFO  c.e.m.service.ComicService - Очистка кэша поиска комиксов (инвалидация)...
2026-04-01 00:01:16 [http-nio-8080-exec-5] INFO  c.e.m.service.ComicService - Очистка кэша поиска комиксов (инвалидация)...
2026-04-01 00:02:26 [http-nio-8080-exec-3] INFO  c.e.m.service.ComicService - Выполнение запроса к БД (JPQL) для ключа: ComicSearchKey{genreName='Action', minReleaseYear=2000, page=0, size=2}
2026-04-01 00:02:26 [http-nio-8080-exec-3] WARN  o.s.d.w.c.SpringDataJackson3Configuration$PageModule$WarningLoggingModifier - Serializing PageImpl instances as-is is not supported, meaning that there is no guarantee about the stability of the resulting JSON structure!
	For a stable JSON structure, please use Spring Data's PagedModel (globally via @EnableSpringDataWebSupport(pageSerializationMode = VIA_DTO))
	or Spring HATEOAS and Spring Data's PagedResourcesAssembler as documented in https://docs.spring.io/spring-data/commons/reference/repositories/core-extensions.html#core.web.pageables.

2026-04-01 00:03:05 [http-nio-8080-exec-7] INFO  c.e.m.service.ComicService - Выполнение запроса к БД (JPQL) для ключа: ComicSearchKey{genreName='Сёнен', minReleaseYear=2000, page=0, size=2}
2026-04-01 00:03:11 [http-nio-8080-exec-10] INFO  c.e.m.service.ComicService - Выполнение запроса к БД (JPQL) для ключа: ComicSearchKey{genreName='Сёнэн', minReleaseYear=2000, page=0, size=2}
2026-04-01 00:05:01 [http-nio-8080-exec-9] INFO  c.e.m.service.ComicService - Очистка кэша поиска комиксов (инвалидация)...
2026-04-01 00:05:18 [http-nio-8080-exec-5] INFO  c.e.m.service.ComicService - Очистка кэша поиска комиксов (инвалидация)...
2026-04-01 00:05:32 [http-nio-8080-exec-1] INFO  c.e.m.service.ComicService - Выполнение запроса к БД (JPQL) для ключа: ComicSearchKey{genreName='Action', minReleaseYear=2000, page=0, size=2}
2026-04-01 01:56:07 [HikariPool-1:housekeeper] WARN  com.zaxxer.hikari.pool.HikariPool - HikariPool-1 - Thread starvation or clock leap detected (housekeeper delta=1h37m9s210ms898µs).
2026-04-01 01:56:17 [SpringApplicationShutdownHook] INFO  o.s.boot.tomcat.GracefulShutdown - Commencing graceful shutdown. Waiting for active requests to complete
2026-04-01 01:56:17 [tomcat-shutdown] INFO  o.s.boot.tomcat.GracefulShutdown - Graceful shutdown complete
2026-04-01 01:56:17 [SpringApplicationShutdownHook] INFO  o.s.o.j.LocalContainerEntityManagerFactoryBean - Closing JPA EntityManagerFactory for persistence unit 'default'
2026-04-01 01:56:17 [SpringApplicationShutdownHook] INFO  com.zaxxer.hikari.HikariDataSource - HikariPool-1 - Shutdown initiated...
2026-04-01 01:56:17 [SpringApplicationShutdownHook] INFO  com.zaxxer.hikari.HikariDataSource - HikariPool-1 - Shutdown completed.
2026-04-01 01:57:08 [main] INFO  c.e.m.MangacatalogApplication - Starting MangacatalogApplication using Java 25.0.2 with PID 19528 (C:\Users\drako\Downloads\mangacatalog (1)\mangacatalog\target\classes started by drako in C:\Users\drako\Downloads\mangacatalog (1)\mangacatalog)
2026-04-01 01:57:08 [main] DEBUG c.e.m.MangacatalogApplication - Running with Spring Boot v4.0.3, Spring v7.0.5
2026-04-01 01:57:08 [main] INFO  c.e.m.MangacatalogApplication - No active profile set, falling back to 1 default profile: "default"
2026-04-01 01:57:09 [main] INFO  o.s.d.r.c.RepositoryConfigurationDelegate - Bootstrapping Spring Data JPA repositories in DEFAULT mode.
2026-04-01 01:57:09 [main] INFO  o.s.d.r.c.RepositoryConfigurationDelegate - Finished Spring Data repository scanning in 24 ms. Found 5 JPA repository interfaces.
2026-04-01 01:57:09 [main] INFO  o.s.boot.tomcat.TomcatWebServer - Tomcat initialized with port 8080 (http)
2026-04-01 01:57:09 [main] INFO  o.a.coyote.http11.Http11NioProtocol - Initializing ProtocolHandler ["http-nio-8080"]
2026-04-01 01:57:09 [main] INFO  o.a.catalina.core.StandardService - Starting service [Tomcat]
2026-04-01 01:57:09 [main] INFO  o.a.catalina.core.StandardEngine - Starting Servlet engine: [Apache Tomcat/11.0.18]
2026-04-01 01:57:09 [main] INFO  o.s.b.w.c.s.WebApplicationContextInitializer - Root WebApplicationContext: initialization completed in 481 ms
2026-04-01 01:57:09 [main] INFO  org.hibernate.orm.jpa - HHH008540: Processing PersistenceUnitInfo [name: default]
2026-04-01 01:57:09 [main] INFO  org.hibernate.orm.core - HHH000001: Hibernate ORM core version 7.2.4.Final
2026-04-01 01:57:09 [main] INFO  o.s.o.j.p.SpringPersistenceUnitInfo - No LoadTimeWeaver setup: ignoring JPA class transformer
2026-04-01 01:57:09 [main] INFO  com.zaxxer.hikari.HikariDataSource - HikariPool-1 - Starting...
2026-04-01 01:57:09 [main] INFO  com.zaxxer.hikari.pool.HikariPool - HikariPool-1 - Added connection org.postgresql.jdbc.PgConnection@4ae2c01b
2026-04-01 01:57:09 [main] INFO  com.zaxxer.hikari.HikariDataSource - HikariPool-1 - Start completed.
2026-04-01 01:57:09 [main] WARN  org.hibernate.orm.deprecation - HHH90000025: PostgreSQLDialect does not need to be specified explicitly using 'hibernate.dialect' (remove the property setting and it will be selected by default)
2026-04-01 01:57:09 [main] INFO  o.hibernate.orm.connections.pooling - HHH10001005: Database info:
	Database JDBC URL [jdbc:postgresql://localhost:5432/manga_db]
	Database driver: PostgreSQL JDBC Driver
	Database dialect: PostgreSQLDialect
	Database version: 18.3
	Default catalog/schema: manga_db/public
	Autocommit mode: undefined/unknown
	Isolation level: READ_COMMITTED [default READ_COMMITTED]
	JDBC fetch size: none
	Pool: DataSourceConnectionProvider
	Minimum pool size: undefined/unknown
	Maximum pool size: undefined/unknown
2026-04-01 01:57:10 [main] INFO  org.hibernate.orm.core - HHH000489: No JTA platform available (set 'hibernate.transaction.jta.platform' to enable JTA platform integration)
2026-04-01 01:57:10 [main] INFO  o.s.o.j.LocalContainerEntityManagerFactoryBean - Initialized JPA EntityManagerFactory for persistence unit 'default'
2026-04-01 01:57:10 [main] INFO  o.s.d.j.r.q.QueryEnhancerFactories - Hibernate is in classpath; If applicable, HQL parser will be used.
2026-04-01 01:57:10 [main] WARN  o.s.b.j.a.JpaBaseConfiguration$JpaWebConfiguration - spring.jpa.open-in-view is enabled by default. Therefore, database queries may be performed during view rendering. Explicitly configure spring.jpa.open-in-view to disable this warning
2026-04-01 01:57:10 [main] INFO  o.a.coyote.http11.Http11NioProtocol - Starting ProtocolHandler ["http-nio-8080"]
2026-04-01 01:57:10 [main] INFO  o.s.boot.tomcat.TomcatWebServer - Tomcat started on port 8080 (http) with context path '/'
2026-04-01 01:57:10 [main] INFO  c.e.m.MangacatalogApplication - Started MangacatalogApplication in 2.246 seconds (process running for 2.547)
2026-04-01 01:57:42 [http-nio-8080-exec-2] INFO  o.a.c.c.C.[Tomcat].[localhost].[/] - Initializing Spring DispatcherServlet 'dispatcherServlet'
2026-04-01 01:57:42 [http-nio-8080-exec-2] INFO  o.s.web.servlet.DispatcherServlet - Initializing Servlet 'dispatcherServlet'
2026-04-01 01:57:42 [http-nio-8080-exec-2] INFO  o.s.web.servlet.DispatcherServlet - Completed initialization in 0 ms
2026-04-01 01:57:42 [http-nio-8080-exec-2] INFO  c.e.m.service.ComicService - --- СТАРТ: Решение с @EntityGraph ---
2026-04-01 01:57:42 [http-nio-8080-exec-2] INFO  c.e.m.service.ComicService - Loaded author: Такэси Обата
2026-04-01 01:57:42 [http-nio-8080-exec-2] INFO  c.e.m.service.ComicService - Loaded author: Кентаро Миура
2026-04-01 01:57:54 [http-nio-8080-exec-3] INFO  c.e.m.service.ComicService - --- СТАРТ: Проблема N+1 ---
2026-04-01 01:57:54 [http-nio-8080-exec-3] INFO  c.e.m.service.ComicService - Loaded author: Кентаро Миура
2026-04-01 01:57:54 [http-nio-8080-exec-3] INFO  c.e.m.service.ComicService - Loaded author: Такэси Обата
2026-04-01 02:01:31 [SpringApplicationShutdownHook] INFO  o.s.boot.tomcat.GracefulShutdown - Commencing graceful shutdown. Waiting for active requests to complete
2026-04-01 02:01:31 [tomcat-shutdown] INFO  o.s.boot.tomcat.GracefulShutdown - Graceful shutdown complete
2026-04-01 02:01:31 [SpringApplicationShutdownHook] INFO  o.s.o.j.LocalContainerEntityManagerFactoryBean - Closing JPA EntityManagerFactory for persistence unit 'default'
2026-04-01 02:01:31 [SpringApplicationShutdownHook] INFO  com.zaxxer.hikari.HikariDataSource - HikariPool-1 - Shutdown initiated...
2026-04-01 02:01:31 [SpringApplicationShutdownHook] INFO  com.zaxxer.hikari.HikariDataSource - HikariPool-1 - Shutdown completed.
2026-04-01 02:06:53 [main] INFO  c.e.m.MangacatalogApplication - Starting MangacatalogApplication using Java 25.0.2 with PID 22756 (C:\Users\drako\Downloads\mangacatalog (1)\mangacatalog\target\classes started by drako in C:\Users\drako\Downloads\mangacatalog (1)\mangacatalog)
2026-04-01 02:06:53 [main] DEBUG c.e.m.MangacatalogApplication - Running with Spring Boot v4.0.3, Spring v7.0.5
2026-04-01 02:06:53 [main] INFO  c.e.m.MangacatalogApplication - No active profile set, falling back to 1 default profile: "default"
2026-04-01 02:06:54 [main] INFO  o.s.d.r.c.RepositoryConfigurationDelegate - Bootstrapping Spring Data JPA repositories in DEFAULT mode.
2026-04-01 02:06:54 [main] INFO  o.s.d.r.c.RepositoryConfigurationDelegate - Finished Spring Data repository scanning in 24 ms. Found 5 JPA repository interfaces.
2026-04-01 02:06:54 [main] INFO  o.s.boot.tomcat.TomcatWebServer - Tomcat initialized with port 8080 (http)
2026-04-01 02:06:54 [main] INFO  o.a.coyote.http11.Http11NioProtocol - Initializing ProtocolHandler ["http-nio-8080"]
2026-04-01 02:06:54 [main] INFO  o.a.catalina.core.StandardService - Starting service [Tomcat]
2026-04-01 02:06:54 [main] INFO  o.a.catalina.core.StandardEngine - Starting Servlet engine: [Apache Tomcat/11.0.18]
2026-04-01 02:06:54 [main] INFO  o.s.b.w.c.s.WebApplicationContextInitializer - Root WebApplicationContext: initialization completed in 488 ms
2026-04-01 02:06:54 [main] INFO  org.hibernate.orm.jpa - HHH008540: Processing PersistenceUnitInfo [name: default]
2026-04-01 02:06:54 [main] INFO  org.hibernate.orm.core - HHH000001: Hibernate ORM core version 7.2.4.Final
2026-04-01 02:06:54 [main] INFO  o.s.o.j.p.SpringPersistenceUnitInfo - No LoadTimeWeaver setup: ignoring JPA class transformer
2026-04-01 02:06:54 [main] INFO  com.zaxxer.hikari.HikariDataSource - HikariPool-1 - Starting...
2026-04-01 02:06:54 [main] INFO  com.zaxxer.hikari.pool.HikariPool - HikariPool-1 - Added connection org.postgresql.jdbc.PgConnection@6f428e6e
2026-04-01 02:06:54 [main] INFO  com.zaxxer.hikari.HikariDataSource - HikariPool-1 - Start completed.
2026-04-01 02:06:54 [main] WARN  org.hibernate.orm.deprecation - HHH90000025: PostgreSQLDialect does not need to be specified explicitly using 'hibernate.dialect' (remove the property setting and it will be selected by default)
2026-04-01 02:06:54 [main] INFO  o.hibernate.orm.connections.pooling - HHH10001005: Database info:
	Database JDBC URL [jdbc:postgresql://localhost:5432/manga_db]
	Database driver: PostgreSQL JDBC Driver
	Database dialect: PostgreSQLDialect
	Database version: 18.3
	Default catalog/schema: manga_db/public
	Autocommit mode: undefined/unknown
	Isolation level: READ_COMMITTED [default READ_COMMITTED]
	JDBC fetch size: none
	Pool: DataSourceConnectionProvider
	Minimum pool size: undefined/unknown
	Maximum pool size: undefined/unknown
2026-04-01 02:06:55 [main] INFO  org.hibernate.orm.core - HHH000489: No JTA platform available (set 'hibernate.transaction.jta.platform' to enable JTA platform integration)
2026-04-01 02:06:55 [main] INFO  o.s.o.j.LocalContainerEntityManagerFactoryBean - Initialized JPA EntityManagerFactory for persistence unit 'default'
2026-04-01 02:06:55 [main] INFO  o.s.d.j.r.q.QueryEnhancerFactories - Hibernate is in classpath; If applicable, HQL parser will be used.
2026-04-01 02:06:55 [main] WARN  o.s.b.j.a.JpaBaseConfiguration$JpaWebConfiguration - spring.jpa.open-in-view is enabled by default. Therefore, database queries may be performed during view rendering. Explicitly configure spring.jpa.open-in-view to disable this warning
2026-04-01 02:06:55 [main] INFO  o.a.coyote.http11.Http11NioProtocol - Starting ProtocolHandler ["http-nio-8080"]
2026-04-01 02:06:55 [main] INFO  o.s.boot.tomcat.TomcatWebServer - Tomcat started on port 8080 (http) with context path '/'
2026-04-01 02:06:55 [main] INFO  c.e.m.MangacatalogApplication - Started MangacatalogApplication in 2.31 seconds (process running for 2.635)
2026-04-01 02:06:59 [http-nio-8080-exec-2] INFO  o.a.c.c.C.[Tomcat].[localhost].[/] - Initializing Spring DispatcherServlet 'dispatcherServlet'
2026-04-01 02:06:59 [http-nio-8080-exec-2] INFO  o.s.web.servlet.DispatcherServlet - Initializing Servlet 'dispatcherServlet'
2026-04-01 02:06:59 [http-nio-8080-exec-2] INFO  o.s.web.servlet.DispatcherServlet - Completed initialization in 1 ms
2026-04-01 02:06:59 [http-nio-8080-exec-2] INFO  c.e.m.service.ComicService - Выполнение запроса к БД (JPQL) для ключа: ComicSearchKey{genreName='Сёнэн', minReleaseYear=2000, page=0, size=2}
2026-04-01 02:06:59 [http-nio-8080-exec-2] WARN  o.s.d.w.c.SpringDataJackson3Configuration$PageModule$WarningLoggingModifier - Serializing PageImpl instances as-is is not supported, meaning that there is no guarantee about the stability of the resulting JSON structure!
	For a stable JSON structure, please use Spring Data's PagedModel (globally via @EnableSpringDataWebSupport(pageSerializationMode = VIA_DTO))
	or Spring HATEOAS and Spring Data's PagedResourcesAssembler as documented in https://docs.spring.io/spring-data/commons/reference/repositories/core-extensions.html#core.web.pageables.

2026-04-01 02:07:10 [http-nio-8080-exec-3] INFO  c.e.m.service.ComicService - Выполнение запроса к БД (JPQL) для ключа: ComicSearchKey{genreName='Сёнен', minReleaseYear=2000, page=0, size=2}
2026-04-01 02:21:45 [SpringApplicationShutdownHook] INFO  o.s.boot.tomcat.GracefulShutdown - Commencing graceful shutdown. Waiting for active requests to complete
2026-04-01 02:21:45 [tomcat-shutdown] INFO  o.s.boot.tomcat.GracefulShutdown - Graceful shutdown complete
2026-04-01 02:21:45 [SpringApplicationShutdownHook] INFO  o.s.o.j.LocalContainerEntityManagerFactoryBean - Closing JPA EntityManagerFactory for persistence unit 'default'
2026-04-01 02:21:45 [SpringApplicationShutdownHook] INFO  com.zaxxer.hikari.HikariDataSource - HikariPool-1 - Shutdown initiated...
2026-04-01 02:21:45 [SpringApplicationShutdownHook] INFO  com.zaxxer.hikari.HikariDataSource - HikariPool-1 - Shutdown completed.
