2026-04-15 00:54:41 [background-preinit] INFO  o.h.validator.internal.util.Version - HV000001: Hibernate Validator 8.0.1.Final
2026-04-15 00:54:41 [main] INFO  c.e.m.MangacatalogApplication - Starting MangacatalogApplication using Java 25.0.2 with PID 40788 (C:\Users\drako\Downloads\mangacatalog (1)\mangacatalog\target\classes started by drako in C:\Users\drako\Downloads\mangacatalog (1)\mangacatalog)
2026-04-15 00:54:41 [main] DEBUG c.e.m.MangacatalogApplication - Running with Spring Boot v3.2.2, Spring v6.1.3
2026-04-15 00:54:41 [main] INFO  c.e.m.MangacatalogApplication - No active profile set, falling back to 1 default profile: "default"
2026-04-15 00:54:42 [main] INFO  o.s.d.r.c.RepositoryConfigurationDelegate - Bootstrapping Spring Data JPA repositories in DEFAULT mode.
2026-04-15 00:54:42 [main] INFO  o.s.d.r.c.RepositoryConfigurationDelegate - Finished Spring Data repository scanning in 31 ms. Found 5 JPA repository interfaces.
2026-04-15 00:54:42 [main] INFO  o.s.b.w.e.tomcat.TomcatWebServer - Tomcat initialized with port 8080 (http)
2026-04-15 00:54:42 [main] INFO  o.a.coyote.http11.Http11NioProtocol - Initializing ProtocolHandler ["http-nio-8080"]
2026-04-15 00:54:42 [main] INFO  o.a.catalina.core.StandardService - Starting service [Tomcat]
2026-04-15 00:54:42 [main] INFO  o.a.catalina.core.StandardEngine - Starting Servlet engine: [Apache Tomcat/10.1.18]
2026-04-15 00:54:42 [main] INFO  o.a.c.c.C.[Tomcat].[localhost].[/] - Initializing Spring embedded WebApplicationContext
2026-04-15 00:54:42 [main] INFO  o.s.b.w.s.c.ServletWebServerApplicationContext - Root WebApplicationContext: initialization completed in 741 ms
2026-04-15 00:54:42 [main] INFO  o.h.jpa.internal.util.LogHelper - HHH000204: Processing PersistenceUnitInfo [name: default]
2026-04-15 00:54:42 [main] INFO  org.hibernate.Version - HHH000412: Hibernate ORM core version 6.4.1.Final
2026-04-15 00:54:42 [main] INFO  o.h.c.i.RegionFactoryInitiator - HHH000026: Second-level cache disabled
2026-04-15 00:54:42 [main] INFO  o.s.o.j.p.SpringPersistenceUnitInfo - No LoadTimeWeaver setup: ignoring JPA class transformer
2026-04-15 00:54:42 [main] INFO  com.zaxxer.hikari.HikariDataSource - HikariPool-1 - Starting...
2026-04-15 00:54:43 [main] INFO  com.zaxxer.hikari.pool.HikariPool - HikariPool-1 - Added connection org.postgresql.jdbc.PgConnection@61c87f1b
2026-04-15 00:54:43 [main] INFO  com.zaxxer.hikari.HikariDataSource - HikariPool-1 - Start completed.
2026-04-15 00:54:43 [main] WARN  org.hibernate.orm.deprecation - HHH90000025: PostgreSQLDialect does not need to be specified explicitly using 'hibernate.dialect' (remove the property setting and it will be selected by default)
2026-04-15 00:54:43 [main] INFO  o.h.e.t.j.p.i.JtaPlatformInitiator - HHH000489: No JTA platform available (set 'hibernate.transaction.jta.platform' to enable JTA platform integration)
2026-04-15 00:54:43 [main] INFO  o.s.o.j.LocalContainerEntityManagerFactoryBean - Initialized JPA EntityManagerFactory for persistence unit 'default'
2026-04-15 00:54:43 [main] INFO  o.s.d.j.r.query.QueryEnhancerFactory - Hibernate is in classpath; If applicable, HQL parser will be used.
2026-04-15 00:54:44 [main] WARN  o.s.b.a.o.j.JpaBaseConfiguration$JpaWebConfiguration - spring.jpa.open-in-view is enabled by default. Therefore, database queries may be performed during view rendering. Explicitly configure spring.jpa.open-in-view to disable this warning
2026-04-15 00:54:44 [main] INFO  o.a.coyote.http11.Http11NioProtocol - Starting ProtocolHandler ["http-nio-8080"]
2026-04-15 00:54:44 [main] INFO  o.s.b.w.e.tomcat.TomcatWebServer - Tomcat started on port 8080 (http) with context path ''
2026-04-15 00:54:44 [main] INFO  c.e.m.MangacatalogApplication - Started MangacatalogApplication in 2.841 seconds (process running for 3.185)
2026-04-15 00:54:48 [SpringApplicationShutdownHook] INFO  o.s.o.j.LocalContainerEntityManagerFactoryBean - Closing JPA EntityManagerFactory for persistence unit 'default'
2026-04-15 00:54:48 [SpringApplicationShutdownHook] INFO  com.zaxxer.hikari.HikariDataSource - HikariPool-1 - Shutdown initiated...
2026-04-15 00:54:48 [SpringApplicationShutdownHook] INFO  com.zaxxer.hikari.HikariDataSource - HikariPool-1 - Shutdown completed.
2026-04-15 01:04:34 [background-preinit] INFO  o.h.validator.internal.util.Version - HV000001: Hibernate Validator 8.0.1.Final
2026-04-15 01:04:34 [main] INFO  c.e.m.MangacatalogApplication - Starting MangacatalogApplication using Java 25.0.2 with PID 22136 (C:\Users\drako\Downloads\mangacatalog (1)\mangacatalog\target\classes started by drako in C:\Users\drako\Downloads\mangacatalog (1)\mangacatalog)
2026-04-15 01:04:34 [main] DEBUG c.e.m.MangacatalogApplication - Running with Spring Boot v3.2.2, Spring v6.1.3
2026-04-15 01:04:34 [main] INFO  c.e.m.MangacatalogApplication - No active profile set, falling back to 1 default profile: "default"
2026-04-15 01:04:34 [main] INFO  o.s.d.r.c.RepositoryConfigurationDelegate - Bootstrapping Spring Data JPA repositories in DEFAULT mode.
2026-04-15 01:04:34 [main] INFO  o.s.d.r.c.RepositoryConfigurationDelegate - Finished Spring Data repository scanning in 24 ms. Found 5 JPA repository interfaces.
2026-04-15 01:04:34 [main] INFO  o.s.b.w.e.tomcat.TomcatWebServer - Tomcat initialized with port 8080 (http)
2026-04-15 01:04:34 [main] INFO  o.a.coyote.http11.Http11NioProtocol - Initializing ProtocolHandler ["http-nio-8080"]
2026-04-15 01:04:34 [main] INFO  o.a.catalina.core.StandardService - Starting service [Tomcat]
2026-04-15 01:04:34 [main] INFO  o.a.catalina.core.StandardEngine - Starting Servlet engine: [Apache Tomcat/10.1.18]
2026-04-15 01:04:34 [main] INFO  o.a.c.c.C.[Tomcat].[localhost].[/] - Initializing Spring embedded WebApplicationContext
2026-04-15 01:04:34 [main] INFO  o.s.b.w.s.c.ServletWebServerApplicationContext - Root WebApplicationContext: initialization completed in 709 ms
2026-04-15 01:04:34 [main] INFO  o.h.jpa.internal.util.LogHelper - HHH000204: Processing PersistenceUnitInfo [name: default]
2026-04-15 01:04:34 [main] INFO  org.hibernate.Version - HHH000412: Hibernate ORM core version 6.4.1.Final
2026-04-15 01:04:35 [main] INFO  o.h.c.i.RegionFactoryInitiator - HHH000026: Second-level cache disabled
2026-04-15 01:04:35 [main] INFO  o.s.o.j.p.SpringPersistenceUnitInfo - No LoadTimeWeaver setup: ignoring JPA class transformer
2026-04-15 01:04:35 [main] INFO  com.zaxxer.hikari.HikariDataSource - HikariPool-1 - Starting...
2026-04-15 01:04:35 [main] INFO  com.zaxxer.hikari.pool.HikariPool - HikariPool-1 - Added connection org.postgresql.jdbc.PgConnection@761f234c
2026-04-15 01:04:35 [main] INFO  com.zaxxer.hikari.HikariDataSource - HikariPool-1 - Start completed.
2026-04-15 01:04:35 [main] WARN  org.hibernate.orm.deprecation - HHH90000025: PostgreSQLDialect does not need to be specified explicitly using 'hibernate.dialect' (remove the property setting and it will be selected by default)
2026-04-15 01:04:35 [main] INFO  o.h.e.t.j.p.i.JtaPlatformInitiator - HHH000489: No JTA platform available (set 'hibernate.transaction.jta.platform' to enable JTA platform integration)
2026-04-15 01:04:35 [main] INFO  o.s.o.j.LocalContainerEntityManagerFactoryBean - Initialized JPA EntityManagerFactory for persistence unit 'default'
2026-04-15 01:04:36 [main] INFO  o.s.d.j.r.query.QueryEnhancerFactory - Hibernate is in classpath; If applicable, HQL parser will be used.
2026-04-15 01:04:36 [main] WARN  o.s.b.a.o.j.JpaBaseConfiguration$JpaWebConfiguration - spring.jpa.open-in-view is enabled by default. Therefore, database queries may be performed during view rendering. Explicitly configure spring.jpa.open-in-view to disable this warning
2026-04-15 01:04:36 [main] INFO  o.a.coyote.http11.Http11NioProtocol - Starting ProtocolHandler ["http-nio-8080"]
2026-04-15 01:04:36 [main] INFO  o.s.b.w.e.tomcat.TomcatWebServer - Tomcat started on port 8080 (http) with context path ''
2026-04-15 01:04:36 [main] INFO  c.e.m.MangacatalogApplication - Started MangacatalogApplication in 2.752 seconds (process running for 3.044)
2026-04-15 01:05:26 [SpringApplicationShutdownHook] INFO  o.s.o.j.LocalContainerEntityManagerFactoryBean - Closing JPA EntityManagerFactory for persistence unit 'default'
2026-04-15 01:05:26 [SpringApplicationShutdownHook] INFO  com.zaxxer.hikari.HikariDataSource - HikariPool-1 - Shutdown initiated...
2026-04-15 01:05:26 [SpringApplicationShutdownHook] INFO  com.zaxxer.hikari.HikariDataSource - HikariPool-1 - Shutdown completed.
2026-04-15 01:05:28 [background-preinit] INFO  o.h.validator.internal.util.Version - HV000001: Hibernate Validator 8.0.1.Final
2026-04-15 01:05:28 [main] INFO  c.e.m.MangacatalogApplication - Starting MangacatalogApplication using Java 25.0.2 with PID 21148 (C:\Users\drako\Downloads\mangacatalog (1)\mangacatalog\target\classes started by drako in C:\Users\drako\Downloads\mangacatalog (1)\mangacatalog)
2026-04-15 01:05:28 [main] DEBUG c.e.m.MangacatalogApplication - Running with Spring Boot v3.2.2, Spring v6.1.3
2026-04-15 01:05:28 [main] INFO  c.e.m.MangacatalogApplication - No active profile set, falling back to 1 default profile: "default"
2026-04-15 01:05:29 [main] INFO  o.s.d.r.c.RepositoryConfigurationDelegate - Bootstrapping Spring Data JPA repositories in DEFAULT mode.
2026-04-15 01:05:29 [main] INFO  o.s.d.r.c.RepositoryConfigurationDelegate - Finished Spring Data repository scanning in 25 ms. Found 5 JPA repository interfaces.
2026-04-15 01:05:29 [main] INFO  o.s.b.w.e.tomcat.TomcatWebServer - Tomcat initialized with port 8080 (http)
2026-04-15 01:05:29 [main] INFO  o.a.coyote.http11.Http11NioProtocol - Initializing ProtocolHandler ["http-nio-8080"]
2026-04-15 01:05:29 [main] INFO  o.a.catalina.core.StandardService - Starting service [Tomcat]
2026-04-15 01:05:29 [main] INFO  o.a.catalina.core.StandardEngine - Starting Servlet engine: [Apache Tomcat/10.1.18]
2026-04-15 01:05:29 [main] INFO  o.a.c.c.C.[Tomcat].[localhost].[/] - Initializing Spring embedded WebApplicationContext
2026-04-15 01:05:29 [main] INFO  o.s.b.w.s.c.ServletWebServerApplicationContext - Root WebApplicationContext: initialization completed in 698 ms
2026-04-15 01:05:29 [main] INFO  o.h.jpa.internal.util.LogHelper - HHH000204: Processing PersistenceUnitInfo [name: default]
2026-04-15 01:05:29 [main] INFO  org.hibernate.Version - HHH000412: Hibernate ORM core version 6.4.1.Final
2026-04-15 01:05:29 [main] INFO  o.h.c.i.RegionFactoryInitiator - HHH000026: Second-level cache disabled
2026-04-15 01:05:29 [main] INFO  o.s.o.j.p.SpringPersistenceUnitInfo - No LoadTimeWeaver setup: ignoring JPA class transformer
2026-04-15 01:05:29 [main] INFO  com.zaxxer.hikari.HikariDataSource - HikariPool-1 - Starting...
2026-04-15 01:05:29 [main] INFO  com.zaxxer.hikari.pool.HikariPool - HikariPool-1 - Added connection org.postgresql.jdbc.PgConnection@53b7bf01
2026-04-15 01:05:29 [main] INFO  com.zaxxer.hikari.HikariDataSource - HikariPool-1 - Start completed.
2026-04-15 01:05:29 [main] WARN  org.hibernate.orm.deprecation - HHH90000025: PostgreSQLDialect does not need to be specified explicitly using 'hibernate.dialect' (remove the property setting and it will be selected by default)
2026-04-15 01:05:30 [main] INFO  o.h.e.t.j.p.i.JtaPlatformInitiator - HHH000489: No JTA platform available (set 'hibernate.transaction.jta.platform' to enable JTA platform integration)
2026-04-15 01:05:30 [main] INFO  o.s.o.j.LocalContainerEntityManagerFactoryBean - Initialized JPA EntityManagerFactory for persistence unit 'default'
2026-04-15 01:05:30 [main] INFO  o.s.d.j.r.query.QueryEnhancerFactory - Hibernate is in classpath; If applicable, HQL parser will be used.
2026-04-15 01:05:30 [main] WARN  o.s.b.a.o.j.JpaBaseConfiguration$JpaWebConfiguration - spring.jpa.open-in-view is enabled by default. Therefore, database queries may be performed during view rendering. Explicitly configure spring.jpa.open-in-view to disable this warning
2026-04-15 01:05:31 [main] INFO  o.a.coyote.http11.Http11NioProtocol - Starting ProtocolHandler ["http-nio-8080"]
2026-04-15 01:05:31 [main] INFO  o.s.b.w.e.tomcat.TomcatWebServer - Tomcat started on port 8080 (http) with context path ''
2026-04-15 01:05:31 [main] INFO  c.e.m.MangacatalogApplication - Started MangacatalogApplication in 2.759 seconds (process running for 3.105)
2026-04-15 01:05:51 [http-nio-8080-exec-5] INFO  o.a.c.c.C.[Tomcat].[localhost].[/] - Initializing Spring DispatcherServlet 'dispatcherServlet'
2026-04-15 01:05:51 [http-nio-8080-exec-5] INFO  o.s.web.servlet.DispatcherServlet - Initializing Servlet 'dispatcherServlet'
2026-04-15 01:05:51 [http-nio-8080-exec-5] INFO  o.s.web.servlet.DispatcherServlet - Completed initialization in 1 ms
2026-04-15 01:05:51 [http-nio-8080-exec-5] DEBUG c.e.mangacatalog.aop.LoggingAspect - AOP: Начало выполнения метода ComicService. getById()
2026-04-15 01:05:51 [http-nio-8080-exec-5] INFO  c.e.m.service.ComicService - Кэш МИСС Комиксы. Запрос к БД для ID: 1
2026-04-15 01:05:51 [http-nio-8080-exec-5] INFO  c.e.mangacatalog.aop.LoggingAspect - AOP: Метод ComicService.getById() выполнен за 43 мс
2026-04-15 01:06:02 [http-nio-8080-exec-3] DEBUG c.e.mangacatalog.aop.LoggingAspect - AOP: Начало выполнения метода ComicService. getById()
2026-04-15 01:06:02 [http-nio-8080-exec-3] INFO  c.e.m.service.ComicService - Кэш ХИТ Комиксы: ApiCacheKey{operation='getComicById', params=[1]}
2026-04-15 01:06:02 [http-nio-8080-exec-3] INFO  c.e.mangacatalog.aop.LoggingAspect - AOP: Метод ComicService.getById() выполнен за 1 мс
2026-04-15 01:06:12 [http-nio-8080-exec-9] DEBUG c.e.mangacatalog.aop.LoggingAspect - AOP: Начало выполнения метода ComicService. searchComplex()
2026-04-15 01:06:12 [http-nio-8080-exec-9] INFO  c.e.m.service.ComicService - Кэш МИСС Комиксы. Запрос к БД (useNative=false)
2026-04-15 01:06:12 [http-nio-8080-exec-9] WARN  org.hibernate.orm.query - HHH90003004: firstResult/maxResults specified with collection fetch; applying in memory
2026-04-15 01:06:12 [http-nio-8080-exec-9] INFO  c.e.mangacatalog.aop.LoggingAspect - AOP: Метод ComicService.searchComplex() выполнен за 29 мс
2026-04-15 01:06:31 [http-nio-8080-exec-2] DEBUG c.e.mangacatalog.aop.LoggingAspect - AOP: Начало выполнения метода ComicService. searchComplex()
2026-04-15 01:06:31 [http-nio-8080-exec-2] INFO  c.e.m.service.ComicService - Кэш ХИТ Комиксы (Complex): ApiCacheKey{operation='searchComplex', params=[Супергеройка, 1980, 0, 2]}
2026-04-15 01:06:31 [http-nio-8080-exec-2] INFO  c.e.mangacatalog.aop.LoggingAspect - AOP: Метод ComicService.searchComplex() выполнен за 0 мс
2026-04-15 01:06:41 [http-nio-8080-exec-6] DEBUG c.e.mangacatalog.aop.LoggingAspect - AOP: Начало выполнения метода ComicService. searchComplex()
2026-04-15 01:06:41 [http-nio-8080-exec-6] INFO  c.e.m.service.ComicService - Кэш ХИТ Комиксы (Complex): ApiCacheKey{operation='searchComplex', params=[Супергеройка, 1980, 0, 2]}
2026-04-15 01:06:41 [http-nio-8080-exec-6] INFO  c.e.mangacatalog.aop.LoggingAspect - AOP: Метод ComicService.searchComplex() выполнен за 0 мс
2026-04-15 01:06:48 [http-nio-8080-exec-7] DEBUG c.e.mangacatalog.aop.LoggingAspect - AOP: Начало выполнения метода ComicService. searchComplex()
2026-04-15 01:06:48 [http-nio-8080-exec-7] INFO  c.e.m.service.ComicService - Кэш МИСС Комиксы. Запрос к БД (useNative=true)
2026-04-15 01:06:48 [http-nio-8080-exec-7] INFO  c.e.mangacatalog.aop.LoggingAspect - AOP: Метод ComicService.searchComplex() выполнен за 20 мс
2026-04-15 01:06:58 [http-nio-8080-exec-8] DEBUG c.e.mangacatalog.aop.LoggingAspect - AOP: Начало выполнения метода ComicService. searchComplex()
2026-04-15 01:06:58 [http-nio-8080-exec-8] INFO  c.e.m.service.ComicService - Кэш ХИТ Комиксы (Complex): ApiCacheKey{operation='searchComplex', params=[Супергеройка, 1980, 1, 2]}
2026-04-15 01:06:58 [http-nio-8080-exec-8] INFO  c.e.mangacatalog.aop.LoggingAspect - AOP: Метод ComicService.searchComplex() выполнен за 1 мс
2026-04-15 01:07:05 [http-nio-8080-exec-4] DEBUG c.e.mangacatalog.aop.LoggingAspect - AOP: Начало выполнения метода ComicService. searchComplex()
2026-04-15 01:07:05 [http-nio-8080-exec-4] INFO  c.e.m.service.ComicService - Кэш ХИТ Комиксы (Complex): ApiCacheKey{operation='searchComplex', params=[Супергеройка, 1980, 0, 2]}
2026-04-15 01:07:05 [http-nio-8080-exec-4] INFO  c.e.mangacatalog.aop.LoggingAspect - AOP: Метод ComicService.searchComplex() выполнен за 0 мс
2026-04-15 01:07:17 [http-nio-8080-exec-10] DEBUG c.e.mangacatalog.aop.LoggingAspect - AOP: Начало выполнения метода ComicService. patch()
2026-04-15 01:07:17 [http-nio-8080-exec-10] INFO  c.e.m.service.ComicService - Инвалидация: Очистка In-Memory кеша Комиксов.
2026-04-15 01:07:17 [http-nio-8080-exec-10] INFO  c.e.mangacatalog.aop.LoggingAspect - AOP: Метод ComicService.patch() выполнен за 16 мс
2026-04-15 01:07:22 [http-nio-8080-exec-1] DEBUG c.e.mangacatalog.aop.LoggingAspect - AOP: Начало выполнения метода ComicService. patch()
2026-04-15 01:07:22 [http-nio-8080-exec-1] INFO  c.e.m.service.ComicService - Инвалидация: Очистка In-Memory кеша Комиксов.
2026-04-15 01:07:22 [http-nio-8080-exec-1] INFO  c.e.mangacatalog.aop.LoggingAspect - AOP: Метод ComicService.patch() выполнен за 4 мс
2026-04-15 01:07:47 [http-nio-8080-exec-5] WARN  c.e.m.e.GlobalExceptionHandler - Ошибка валидации данных
2026-04-15 01:08:06 [http-nio-8080-exec-9] DEBUG c.e.mangacatalog.aop.LoggingAspect - AOP: Начало выполнения метода ComicService. patch()
2026-04-15 01:08:06 [http-nio-8080-exec-9] INFO  c.e.m.service.ComicService - Инвалидация: Очистка In-Memory кеша Комиксов.
2026-04-15 01:08:06 [http-nio-8080-exec-9] INFO  c.e.mangacatalog.aop.LoggingAspect - AOP: Метод ComicService.patch() выполнен за 4 мс
2026-04-15 01:08:22 [http-nio-8080-exec-2] DEBUG c.e.mangacatalog.aop.LoggingAspect - AOP: Начало выполнения метода ComicService. patch()
2026-04-15 01:08:22 [http-nio-8080-exec-2] INFO  c.e.m.service.ComicService - Инвалидация: Очистка In-Memory кеша Комиксов.
2026-04-15 01:08:22 [http-nio-8080-exec-2] INFO  c.e.mangacatalog.aop.LoggingAspect - AOP: Метод ComicService.patch() выполнен за 4 мс
2026-04-15 01:08:47 [http-nio-8080-exec-6] DEBUG c.e.mangacatalog.aop.LoggingAspect - AOP: Начало выполнения метода ComicService. getById()
2026-04-15 01:08:47 [http-nio-8080-exec-6] INFO  c.e.m.service.ComicService - Кэш МИСС Комиксы. Запрос к БД для ID: 1
2026-04-15 01:08:47 [http-nio-8080-exec-6] INFO  c.e.mangacatalog.aop.LoggingAspect - AOP: Метод ComicService.getById() выполнен за 4 мс
2026-04-15 01:08:53 [http-nio-8080-exec-7] DEBUG c.e.mangacatalog.aop.LoggingAspect - AOP: Начало выполнения метода ComicService. getAll()
2026-04-15 01:08:53 [http-nio-8080-exec-7] INFO  c.e.m.service.ComicService - Кэш МИСС Комиксы. Запрос к БД
2026-04-15 01:08:53 [http-nio-8080-exec-7] INFO  c.e.mangacatalog.aop.LoggingAspect - AOP: Метод ComicService.getAll() выполнен за 16 мс
2026-04-15 01:08:57 [http-nio-8080-exec-8] DEBUG c.e.mangacatalog.aop.LoggingAspect - AOP: Начало выполнения метода ComicService. getAll()
2026-04-15 01:08:57 [http-nio-8080-exec-8] INFO  c.e.m.service.ComicService - Кэш ХИТ Комиксы: ApiCacheKey{operation='getAllComics', params=[]}
2026-04-15 01:08:57 [http-nio-8080-exec-8] INFO  c.e.mangacatalog.aop.LoggingAspect - AOP: Метод ComicService.getAll() выполнен за 0 мс
